<?xml version="1.0" encoding="UTF-8"?>
<testng-results ignored="0" total="1" passed="1" failed="0" skipped="0">
  <reporter-output>
  </reporter-output>
  <suite started-at="2023-08-21T16:05:51 IST" name="Default suite" finished-at="2023-08-21T16:07:32 IST" duration-ms="101203">
    <groups>
    </groups>
    <test started-at="2023-08-21T16:05:51 IST" name="Default test" finished-at="2023-08-21T16:07:32 IST" duration-ms="101203">
      <class name="com.codenbox.Appium.HybridTest">
        <test-method is-config="true" signature="configureAppium()[pri:0, instance:com.codenbox.Appium.HybridTest@618b19ad]" started-at="2023-08-21T16:05:51 IST" name="configureAppium" finished-at="2023-08-21T16:06:00 IST" duration-ms="8720" status="PASS">
          <reporter-output>
          </reporter-output>
        </test-method> <!-- configureAppium -->
        <test-method signature="doHybrid()[pri:0, instance:com.codenbox.Appium.HybridTest@618b19ad]" started-at="2023-08-21T16:06:00 IST" name="doHybrid" finished-at="2023-08-21T16:07:32 IST" duration-ms="92168" status="PASS">
          <reporter-output>
          </reporter-output>
        </test-method> <!-- doHybrid -->
        <test-method is-config="true" signature="tearDown()[pri:0, instance:com.codenbox.Appium.HybridTest@618b19ad]" started-at="2023-08-21T16:07:32 IST" name="tearDown" finished-at="2023-08-21T16:07:32 IST" duration-ms="282" status="PASS">
          <reporter-output>
          </reporter-output>
        </test-method> <!-- tearDown -->
      </class> <!-- com.codenbox.Appium.HybridTest -->
    </test> <!-- Default test -->
  </suite> <!-- Default suite -->
</testng-results>
